<?xml version="1.0" encoding="UTF-8"?>
<!-- Generated by org.testng.reporters.JUnitXMLReporter -->
<testsuite ignored="0" hostname="Reshmas-MacBook-Air.local" failures="0" tests="2" name="Surefire test" time="14.635" errors="0" timestamp="2026-05-19T01:16:00 GMT+04:00">
  <testcase classname="testCases.TC001_AccountRegistrationTest" name="verify_account_registration" time="2.83"/>
  <testcase classname="testCases.TC002_LoginPageTest" name="verifyLogin" time="2.724"/>
</testsuite> <!-- Surefire test -->
