<?xml version="1.0" encoding="UTF-8"?>
<!-- Generated by org.testng.reporters.JUnitXMLReporter -->
<testsuite ignored="0" hostname="Reshmas-Air" failures="0" tests="1" name="Test" time="0.084" errors="0" timestamp="2026-04-15T11:14:24 GMT+04:00">
  <testcase classname="TestBase.BaseClass" name="@BeforeClass setUp" time="-1.776237264272E9">
    <failure type="org.testng.TestNGException" message="
Parameter &amp;apos;mac&amp;apos; is required by BeforeClass on method setUp but has not been marked @Optional or defined
in /Users/bably/eclipse-workspace/OpenCartV121/master.xml">
      <![CDATA[org.testng.TestNGException: 
Parameter 'mac' is required by BeforeClass on method setUp but has not been marked @Optional or defined
in /Users/bably/eclipse-workspace/OpenCartV121/master.xml
at java.base/java.util.ArrayList.forEach(ArrayList.java:1597)
... Removed 22 stack frames]]>
    </failure>
  </testcase> <!-- @BeforeClass setUp -->
  <testcase classname="TestBase.BaseClass" name="@AfterClass tearDown" time="0.0">
    <skipped/>
  </testcase> <!-- @AfterClass tearDown -->
  <testcase classname="testCases.TC001_AccountRegistrationTest" name="verify_account_registration" time="0.0">
    <skipped/>
  </testcase> <!-- verify_account_registration -->
</testsuite> <!-- Test -->
