<?xml version="1.0" encoding="UTF-8"?>
<!-- Generated by org.testng.reporters.JUnitXMLReporter -->
<testsuite ignored="0" hostname="Reshmas-MacBook-Air.local" failures="1" tests="2" name="Test" time="45.573" errors="0" timestamp="2026-05-19T17:04:45 GMT+04:00">
  <testcase classname="testCases.TC001_AccountRegistrationTest" name="verify_account_registration" time="6.316">
    <failure type="java.lang.AssertionError" message="Account registration failed - message mismatch expected [Failed Message] but found [Your Account Has Been Created!]">
      <![CDATA[java.lang.AssertionError: Account registration failed - message mismatch expected [Failed Message] but found [Your Account Has Been Created!]
at testCases.TC001_AccountRegistrationTest.verify_account_registration(TC001_AccountRegistrationTest.java:60)
at java.base/java.util.ArrayList.forEach(ArrayList.java:1597)
... Removed 30 stack frames]]>
    </failure>
  </testcase> <!-- verify_account_registration -->
  <testcase classname="testCases.TC002_LoginPageTest" name="verifyLogin" time="6.068"/>
</testsuite> <!-- Test -->
