<?xml version="1.0" encoding="UTF-8"?>
<!-- Generated by org.testng.reporters.JUnitXMLReporter -->
<testsuite ignored="0" hostname="Reshmas-Air" failures="1" tests="2" name="Test" time="60.136" errors="0" timestamp="2026-06-05T12:03:20 GMT+04:00">
  <testcase classname="testCases.TC001_AccountRegistrationTest" name="verify_account_registration" time="8.372"/>
  <testcase classname="testCases.TC002_LoginPageTest" name="verifyLogin" time="9.819">
    <failure type="java.lang.AssertionError" message="Test failed due to exception: Login failed - My Account page not visible expected [true] but found [false]">
      <![CDATA[java.lang.AssertionError: Test failed due to exception: Login failed - My Account page not visible expected [true] but found [false]
at testCases.TC002_LoginPageTest.verifyLogin(TC002_LoginPageTest.java:62)
at java.base/java.util.ArrayList.forEach(ArrayList.java:1597)
... Removed 26 stack frames]]>
    </failure>
  </testcase> <!-- verifyLogin -->
</testsuite> <!-- Test -->
