<?xml version="1.0" encoding="UTF-8"?>
<testng-results ignored="0" total="2" passed="2" failed="0" skipped="0">
  <reporter-output>
  </reporter-output>
  <suite started-at="2026-05-19T01:15:46 GMT+04:00" name="Surefire suite" finished-at="2026-05-19T01:16:00 GMT+04:00" duration-ms="14635">
    <groups>
      <group name="Master">
        <method signature="TC001_AccountRegistrationTest.verify_account_registration()[pri:0, instance:testCases.TC001_AccountRegistrationTest@3e3047e6]" name="verify_account_registration" class="testCases.TC001_AccountRegistrationTest"/>
        <method signature="TC002_LoginPageTest.verifyLogin()[pri:0, instance:testCases.TC002_LoginPageTest@7c417213]" name="verifyLogin" class="testCases.TC002_LoginPageTest"/>
      </group> <!-- Master -->
      <group name="Sanity">
        <method signature="TC002_LoginPageTest.verifyLogin()[pri:0, instance:testCases.TC002_LoginPageTest@7c417213]" name="verifyLogin" class="testCases.TC002_LoginPageTest"/>
      </group> <!-- Sanity -->
      <group name="Regression">
        <method signature="TC001_AccountRegistrationTest.verify_account_registration()[pri:0, instance:testCases.TC001_AccountRegistrationTest@3e3047e6]" name="verify_account_registration" class="testCases.TC001_AccountRegistrationTest"/>
      </group> <!-- Regression -->
    </groups>
    <test started-at="2026-05-19T01:15:46 GMT+04:00" name="Surefire test" finished-at="2026-05-19T01:16:00 GMT+04:00" duration-ms="14635">
      <class name="testCases.TC001_AccountRegistrationTest">
        <test-method is-config="true" signature="setUp(java.lang.String,java.lang.String)[pri:0, instance:testCases.TC001_AccountRegistrationTest@3e3047e6]" started-at="2026-05-19T01:15:46 GMT+04:00" name="setUp" finished-at="2026-05-19T01:15:52 GMT+04:00" duration-ms="6135" status="PASS">
          <params>
            <param index="0">
              <value>
                <![CDATA[mac]]>
              </value>
            </param>
            <param index="1">
              <value>
                <![CDATA[chrome]]>
              </value>
            </param>
          </params>
          <reporter-output>
          </reporter-output>
        </test-method> <!-- setUp -->
        <test-method signature="verify_account_registration()[pri:0, instance:testCases.TC001_AccountRegistrationTest@3e3047e6]" started-at="2026-05-19T01:15:52 GMT+04:00" name="verify_account_registration" finished-at="2026-05-19T01:15:55 GMT+04:00" duration-ms="2830" status="PASS">
          <reporter-output>
          </reporter-output>
        </test-method> <!-- verify_account_registration -->
        <test-method is-config="true" signature="tearDown()[pri:0, instance:testCases.TC001_AccountRegistrationTest@3e3047e6]" started-at="2026-05-19T01:15:55 GMT+04:00" name="tearDown" finished-at="2026-05-19T01:15:55 GMT+04:00" duration-ms="102" status="PASS">
          <reporter-output>
          </reporter-output>
        </test-method> <!-- tearDown -->
      </class> <!-- testCases.TC001_AccountRegistrationTest -->
      <class name="testCases.TC002_LoginPageTest">
        <test-method is-config="true" signature="setUp(java.lang.String,java.lang.String)[pri:0, instance:testCases.TC002_LoginPageTest@7c417213]" started-at="2026-05-19T01:15:55 GMT+04:00" name="setUp" finished-at="2026-05-19T01:15:58 GMT+04:00" duration-ms="2733" status="PASS">
          <params>
            <param index="0">
              <value>
                <![CDATA[mac]]>
              </value>
            </param>
            <param index="1">
              <value>
                <![CDATA[chrome]]>
              </value>
            </param>
          </params>
          <reporter-output>
          </reporter-output>
        </test-method> <!-- setUp -->
        <test-method signature="verifyLogin()[pri:0, instance:testCases.TC002_LoginPageTest@7c417213]" started-at="2026-05-19T01:15:58 GMT+04:00" name="verifyLogin" finished-at="2026-05-19T01:16:00 GMT+04:00" duration-ms="2724" status="PASS">
          <reporter-output>
          </reporter-output>
        </test-method> <!-- verifyLogin -->
        <test-method is-config="true" signature="tearDown()[pri:0, instance:testCases.TC002_LoginPageTest@7c417213]" started-at="2026-05-19T01:16:00 GMT+04:00" name="tearDown" finished-at="2026-05-19T01:16:00 GMT+04:00" duration-ms="91" status="PASS">
          <reporter-output>
          </reporter-output>
        </test-method> <!-- tearDown -->
      </class> <!-- testCases.TC002_LoginPageTest -->
    </test> <!-- Surefire test -->
  </suite> <!-- Surefire suite -->
</testng-results>
