<?xml version="1.0" encoding="UTF-8"?>
<testsuite xmlns:xsi="http://www.w3.org/2001/XMLSchema-instance" xsi:noNamespaceSchemaLocation="https://maven.apache.org/surefire/maven-surefire-plugin/xsd/surefire-test-report.xsd" version="3.0.2" name="TestSuite" time="12.912" tests="2" errors="0" skipped="0" failures="0">
  <properties>
[...]
</properties>
  <testcase name="verify_account_registration" classname="testCases.TC001_AccountRegistrationTest" time="2.493">
    <system-err><![CDATA[2026-06-11T08:05:45.431647Z main INFO Starting configuration XmlConfiguration[location=/Users/bably/eclipse-workspace/OpenCartV121/target/test-classes/log4j2.xml, lastModified=2026-06-09T10:01:19.592Z]...
2026-06-11T08:05:45.432176Z main INFO Configuration XmlConfiguration[location=/Users/bably/eclipse-workspace/OpenCartV121/target/test-classes/log4j2.xml, lastModified=2026-06-09T10:01:19.592Z] started.
2026-06-11T08:05:45.433304Z main INFO Stopping configuration org.apache.logging.log4j.core.config.DefaultConfiguration@2034b64c...
2026-06-11T08:05:45.433492Z main INFO Configuration org.apache.logging.log4j.core.config.DefaultConfiguration@2034b64c stopped.
Jun 11, 2026 12:05:49 PM org.openqa.selenium.devtools.CdpVersionFinder findNearestMatch
WARNING: Unable to find CDP implementation matching 149
Jun 11, 2026 12:05:49 PM org.openqa.selenium.chromium.ChromiumDriver lambda$new$5
WARNING: Unable to find version of CDP to use for 149.0.7827.53. You may need to include a dependency on a specific version of the CDP using something similar to `org.seleniumhq.selenium:selenium-devtools-v86:4.22.0` where the version ("v86") matches the version of the chromium-based browser you're using and the version number of the artifact is the same as Selenium's.
]]></system-err>
  </testcase>
  <testcase name="verifyLogin" classname="testCases.TC002_LoginPageTest" time="2.609">
    <system-out><![CDATA[Current URL: http://localhost:8888/opencart/index.php?route=account/account&language=en-gb&customer_token=b40be0148d3d45337d16d1697a
Current URL: http://localhost:8888/opencart/index.php?route=account/account&language=en-gb&customer_token=b40be0148d3d45337d16d1697a
Page Title: My Account
]]></system-out>
    <system-err><![CDATA[Jun 11, 2026 12:05:54 PM org.openqa.selenium.devtools.CdpVersionFinder findNearestMatch
WARNING: Unable to find CDP implementation matching 149
Jun 11, 2026 12:05:54 PM org.openqa.selenium.chromium.ChromiumDriver lambda$new$5
WARNING: Unable to find version of CDP to use for 149.0.7827.53. You may need to include a dependency on a specific version of the CDP using something similar to `org.seleniumhq.selenium:selenium-devtools-v86:4.22.0` where the version ("v86") matches the version of the chromium-based browser you're using and the version number of the artifact is the same as Selenium's.
]]></system-err>
  </testcase>
</testsuite>