<?xml version="1.0" encoding="UTF-8"?>
<testng-results ignored="1" total="2" passed="1" failed="0" skipped="0">
  <reporter-output>
  </reporter-output>
  <suite started-at="2026-05-14T13:23:10 GMT+04:00" name="OpenCart Suite" finished-at="2026-05-14T13:23:32 GMT+04:00" duration-ms="22074">
    <groups>
      <group name="Master">
        <method signature="TC002_LoginPageTest.verifyLogin()[pri:0, instance:testCases.TC002_LoginPageTest@305b7c14]" name="verifyLogin" class="testCases.TC002_LoginPageTest"/>
      </group> <!-- Master -->
      <group name="Sanity">
        <method signature="TC002_LoginPageTest.verifyLogin()[pri:0, instance:testCases.TC002_LoginPageTest@305b7c14]" name="verifyLogin" class="testCases.TC002_LoginPageTest"/>
      </group> <!-- Sanity -->
    </groups>
    <test started-at="2026-05-14T13:23:10 GMT+04:00" name="Test" finished-at="2026-05-14T13:23:32 GMT+04:00" duration-ms="22074">
      <class name="testCases.TC002_LoginPageTest">
        <test-method is-config="true" signature="setUp(java.lang.String,java.lang.String)[pri:0, instance:testCases.TC002_LoginPageTest@305b7c14]" started-at="2026-05-14T13:23:10 GMT+04:00" name="setUp" finished-at="2026-05-14T13:23:26 GMT+04:00" duration-ms="15317" status="PASS">
          <params>
            <param index="0">
              <value>
                <![CDATA[mac]]>
              </value>
            </param>
            <param index="1">
              <value>
                <![CDATA[chrome]]>
              </value>
            </param>
          </params>
          <reporter-output>
          </reporter-output>
        </test-method> <!-- setUp -->
        <test-method signature="verifyLogin()[pri:0, instance:testCases.TC002_LoginPageTest@305b7c14]" started-at="2026-05-14T13:23:26 GMT+04:00" name="verifyLogin" finished-at="2026-05-14T13:23:32 GMT+04:00" duration-ms="6470" status="PASS">
          <reporter-output>
          </reporter-output>
        </test-method> <!-- verifyLogin -->
        <test-method is-config="true" signature="tearDown()[pri:0, instance:testCases.TC002_LoginPageTest@305b7c14]" started-at="2026-05-14T13:23:32 GMT+04:00" name="tearDown" finished-at="2026-05-14T13:23:32 GMT+04:00" duration-ms="204" status="PASS">
          <reporter-output>
          </reporter-output>
        </test-method> <!-- tearDown -->
      </class> <!-- testCases.TC002_LoginPageTest -->
    </test> <!-- Test -->
  </suite> <!-- OpenCart Suite -->
</testng-results>
