<?xml version="1.0" encoding="UTF-8"?>
<!-- Generated by org.testng.reporters.JUnitReportReporter -->
<testsuite hostname="Reshmas-Air" failures="0" tests="4" name="testCases.TC003_LoginDDT" time="12.823" errors="0" timestamp="2026-05-07T13:55:26 GMT+04:00" skipped="0">
  <testcase classname="testCases.TC003_LoginDDT" name="verify_LoginDDT" time="2.307"/>
  <testcase classname="testCases.TC003_LoginDDT" name="verify_LoginDDT" time="2.810"/>
  <testcase classname="testCases.TC003_LoginDDT" name="verify_LoginDDT" time="5.743"/>
  <testcase classname="testCases.TC003_LoginDDT" name="verify_LoginDDT" time="1.963"/>
</testsuite> <!-- testCases.TC003_LoginDDT -->
